<?xml version="1.0" encoding="UTF-8"?>
<!-- Generated by org.testng.reporters.JUnitReportReporter -->
<testsuite hostname="DESKTOP-M3A76RR" failures="0" tests="1" name="Package3.SeleniumProject3.Testcase3" time="98.708" errors="0" timestamp="2024-07-05T16:22:37 EDT" skipped="0">
  <testcase classname="Package3.SeleniumProject3.Testcase3" name="login_to_search" time="98.708"/>
  <system-out/>
</testsuite> <!-- Package3.SeleniumProject3.Testcase3 -->
